2025-01-15 23:21:20,313 INFO: SWA Game Service startup [in f:\projesct\app\__init__.py:63]
2025-01-15 23:21:21,542 INFO: SWA Game Service startup [in f:\projesct\app\__init__.py:63]
2025-01-16 10:30:43,277 INFO: SWA Game Service startup [in f:\projesct\app\__init__.py:63]
2025-01-16 10:30:44,453 INFO: SWA Game Service startup [in f:\projesct\app\__init__.py:63]
2025-01-16 10:31:37,166 INFO: SWA Game Service startup [in f:\projesct\app\__init__.py:63]
2025-01-16 10:31:40,536 INFO: SWA Game Service startup [in f:\projesct\app\__init__.py:63]
2025-01-16 10:31:42,883 INFO: SWA Game Service startup [in f:\projesct\app\__init__.py:63]
2025-01-16 10:33:18,855 INFO: SWA Game Service startup [in f:\projesct\app\__init__.py:63]
2025-01-16 10:33:34,615 ERROR: Необработанная ошибка: property 'is_admin' of 'User' object has no setter [in f:\projesct\app\routes.py:473]
2025-01-16 10:34:05,496 INFO: SWA Game Service startup [in f:\projesct\app\__init__.py:63]
2025-01-16 10:34:07,810 ERROR: Необработанная ошибка: type object 'User' has no attribute 'verify_user' [in f:\projesct\app\routes.py:474]
2025-01-16 10:34:13,333 ERROR: Необработанная ошибка: type object 'User' has no attribute 'verify_user' [in f:\projesct\app\routes.py:474]
2025-01-16 10:35:16,298 INFO: SWA Game Service startup [in f:\projesct\app\__init__.py:63]
2025-01-16 10:35:20,691 INFO: SWA Game Service startup [in f:\projesct\app\__init__.py:63]
2025-01-16 10:37:26,857 INFO: SWA Game Service startup [in f:\projesct\app\__init__.py:63]
2025-01-16 10:37:30,211 INFO: SWA Game Service startup [in f:\projesct\app\__init__.py:63]
2025-01-16 10:37:32,413 INFO: SWA Game Service startup [in F:\projesct\app\__init__.py:63]
2025-01-16 10:37:33,838 INFO: SWA Game Service startup [in F:\projesct\app\__init__.py:63]
2025-01-16 10:38:59,164 INFO: SWA Game Service startup [in f:\projesct\app\__init__.py:63]
2025-01-16 10:40:30,196 INFO: SWA Game Service startup [in f:\projesct\app\__init__.py:63]
2025-01-16 10:40:48,159 INFO: SWA Game Service startup [in F:\projesct\app\__init__.py:63]
2025-01-16 10:41:11,663 INFO: SWA Game Service startup [in f:\projesct\app\__init__.py:63]
2025-01-16 10:41:12,829 INFO: SWA Game Service startup [in f:\projesct\app\__init__.py:63]
2025-01-16 10:42:24,697 INFO: SWA Game Service startup [in f:\projesct\app\__init__.py:63]
2025-01-16 10:46:52,407 INFO: SWA Game Service startup [in f:\projesct\app\__init__.py:63]
2025-01-16 10:48:12,325 INFO: SWA Game Service startup [in f:\projesct\app\__init__.py:63]
2025-01-16 10:48:19,292 ERROR: Необработанная ошибка: Could not build url for endpoint 'edit_game' with values ['game_id']. Did you forget to specify values ['id']? [in f:\projesct\app\routes.py:531]
2025-01-16 10:49:09,068 INFO: SWA Game Service startup [in f:\projesct\app\__init__.py:63]
2025-01-16 10:50:36,066 INFO: SWA Game Service startup [in f:\projesct\app\__init__.py:63]
2025-01-16 10:52:11,112 INFO: SWA Game Service startup [in f:\projesct\app\__init__.py:63]
2025-01-16 10:53:54,216 INFO: SWA Game Service startup [in f:\projesct\app\__init__.py:63]
2025-01-16 10:54:54,592 INFO: SWA Game Service startup [in f:\projesct\app\__init__.py:63]
2025-01-16 10:55:07,638 INFO: SWA Game Service startup [in f:\projesct\app\__init__.py:63]
2025-01-16 10:55:08,838 INFO: SWA Game Service startup [in f:\projesct\app\__init__.py:63]
